# Generated by 10_bootstrap.sh
# Source this file: source .env.out

# ECR Image URIs
export ECR_AIRFLOW="899013845787.dkr.ecr.ap-south-1.amazonaws.com/churn-pipeline/airflow:2.8.1-amazon"
export ECR_MLFLOW="899013845787.dkr.ecr.ap-south-1.amazonaws.com/churn-pipeline/mlflow:latest"
export ECR_DATA="899013845787.dkr.ecr.ap-south-1.amazonaws.com/churn-pipeline/data:latest"
export ECR_TRAIN="899013845787.dkr.ecr.ap-south-1.amazonaws.com/churn-pipeline/model:latest"
export ECR_INFER="899013845787.dkr.ecr.ap-south-1.amazonaws.com/churn-pipeline/inference:latest"

# Security Groups (from 20_networking.sh)
export SG_ECS_ID="sg-0210e6124d9ca21d1"
export SG_ALB_ID="sg-0984f9ced2864c2b2"
export LOG_GROUP="/ecs/churn-pipeline"

# IAM Roles (from 30_iam.sh)
export EXEC_ROLE_ARN="arn:aws:iam::899013845787:role/churn-pipeline-task-execution-role"
export TASK_ROLE_ARN="arn:aws:iam::899013845787:role/churn-pipeline-task-role"
export EXEC_ROLE_NAME="churn-pipeline-task-execution-role"
export TASK_ROLE_NAME="churn-pipeline-task-role"

# ECS Cluster + ALB (from 40_cluster_alb.sh)
export CLUSTER_NAME="churn-pipeline-ecs"
export ALB_ARN="arn:aws:elasticloadbalancing:ap-south-1:899013845787:loadbalancer/app/churn-pipeline-alb/8c127a24448e6cc4"
export ALB_DNS="churn-pipeline-alb-960480895.ap-south-1.elb.amazonaws.com"
export TG_ARN="arn:aws:elasticloadbalancing:ap-south-1:899013845787:targetgroup/churn-pipeline-airflow-tg/0335e798a93b182c"
export MLFLOW_TG_ARN="arn:aws:elasticloadbalancing:ap-south-1:899013845787:targetgroup/churn-pipeline-mlflow-tg/4cf90ed2f91c690b"
export LISTENER_ARN="arn:aws:elasticloadbalancing:ap-south-1:899013845787:listener/app/churn-pipeline-alb/8c127a24448e6cc4/9bd5ebe5729af159"

# EC2 ECS Cluster (from 45_cluster_ec2.sh)
export EC2_CLUSTER_NAME="churn-pipeline-ecs-ec2"
export EC2_ROLE_NAME="churn-pipeline-ecs-ec2-instance-role"
export INSTANCE_PROFILE_NAME="churn-pipeline-ecs-ec2-instance-profile"
export LAUNCH_TEMPLATE_NAME="churn-pipeline-streaming-lt"
export LAUNCH_TEMPLATE_ID="lt-049084824a41c0f10"
export ASG_NAME="churn-pipeline-streaming-asg"
export CAPACITY_PROVIDER_NAME="churn-pipeline-ec2-capacity-provider"
export INSTANCE_TYPE="t3.medium"

# EC2 ECS Cluster (from 45_cluster_ec2.sh)
export EC2_CLUSTER_NAME="churn-pipeline-ecs-ec2"
export EC2_ROLE_NAME="churn-pipeline-ecs-ec2-instance-role"
export INSTANCE_PROFILE_NAME="churn-pipeline-ecs-ec2-instance-profile"
export LAUNCH_TEMPLATE_NAME="churn-pipeline-streaming-lt"
export LAUNCH_TEMPLATE_ID="lt-049084824a41c0f10"
export ASG_NAME="churn-pipeline-streaming-asg"
export CAPACITY_PROVIDER_NAME="churn-pipeline-ec2-capacity-provider"
export INSTANCE_TYPE="t3.medium"

# IAM Roles (from 30_iam.sh)
export EXEC_ROLE_ARN="arn:aws:iam::899013845787:role/churn-pipeline-task-execution-role"
export TASK_ROLE_ARN="arn:aws:iam::899013845787:role/churn-pipeline-task-role"
export EXEC_ROLE_NAME="churn-pipeline-task-execution-role"
export TASK_ROLE_NAME="churn-pipeline-task-role"
